=== Running Naive Convolution ===
Layer  0: 1.49 ms (1800.41 GFLOPS)
Layer  1: 14.45 ms (1975.18 GFLOPS)
Layer  2: 26.09 ms (2188.60 GFLOPS)
Layer  3: 48.87 ms (2336.62 GFLOPS)
Layer  4: 99.44 ms (2296.69 GFLOPS)
Layer  5: 37.08 ms (2345.66 GFLOPS)
Layer  6: 74.30 ms (2341.09 GFLOPS)
Layer  7: 148.29 ms (2345.99 GFLOPS)
Layer  8: 296.98 ms (2342.84 GFLOPS)
Layer  9: 110.99 ms (2133.15 GFLOPS)
Layer 10: 1.02 ms (2073.08 GFLOPS)
Layer 11: 19.41 ms (2334.30 GFLOPS)
Layer 12: 9.35 ms (2326.21 GFLOPS)
Layer 13: 18.60 ms (2337.65 GFLOPS)
Layer 14: 5.58 ms (2192.08 GFLOPS)
Layer 15: 2.07 ms (2052.05 GFLOPS)
Layer 16: 5.47 ms (2069.72 GFLOPS)
Layer 17: 5.71 ms (1903.80 GFLOPS)
Baseline Total: 925.20 ms (2295.27 GFLOPS)

=== Running Winograd Convolution ===
Layer  0: 0.92 ms (2913.71 GFLOPS)
Layer  1: 5.96 ms (4787.91 GFLOPS)
Layer  2: 11.56 ms (4939.77 GFLOPS)
Layer  3: 23.96 ms (4764.93 GFLOPS)
Layer  4: 48.94 ms (4666.10 GFLOPS)
Layer  5: 21.52 ms (4041.49 GFLOPS)
Layer  6: 39.84 ms (4365.96 GFLOPS)
Layer  7: 79.76 ms (4361.70 GFLOPS)
Layer  8: 160.27 ms (4341.40 GFLOPS)
Layer  9: 101.23 ms (2338.77 GFLOPS)
Layer 10: 0.82 ms (2599.58 GFLOPS)
Layer 11: 9.91 ms (4574.97 GFLOPS)
Layer 12: 5.32 ms (4084.44 GFLOPS)
Layer 13: 10.33 ms (4210.80 GFLOPS)
Layer 14: 3.12 ms (3925.05 GFLOPS)
Layer 15: 1.33 ms (3204.12 GFLOPS)
Layer 16: 4.60 ms (2464.35 GFLOPS)
Layer 17: 15.69 ms (692.85 GFLOPS)
Custom Total: 545.07 ms (3895.98 GFLOPS)

=== Correctness Check ===
Layer  0: [32mCORRECT[0m (Speedup: 1.62x)
Layer  1: [32mCORRECT[0m (Speedup: 2.42x)
Layer  2: [32mCORRECT[0m (Speedup: 2.26x)
Layer  3: [32mCORRECT[0m (Speedup: 2.04x)
Layer  4: [32mCORRECT[0m (Speedup: 2.03x)
Layer  5: [32mCORRECT[0m (Speedup: 1.72x)
Layer  6: [32mCORRECT[0m (Speedup: 1.86x)
Layer  7: [32mCORRECT[0m (Speedup: 1.86x)
Layer  8: [32mCORRECT[0m (Speedup: 1.85x)
Layer  9: [32mCORRECT[0m (Speedup: 1.10x)
Layer 10: [32mCORRECT[0m (Speedup: 1.25x)
Layer 11: [32mCORRECT[0m (Speedup: 1.96x)
Layer 12: [32mCORRECT[0m (Speedup: 1.76x)
Layer 13: [32mCORRECT[0m (Speedup: 1.80x)
Layer 14: [32mCORRECT[0m (Speedup: 1.79x)
Layer 15: [32mCORRECT[0m (Speedup: 1.56x)
Layer 16: [32mCORRECT[0m (Speedup: 1.19x)
Layer 17: [32mCORRECT[0m (Speedup: 0.36x)

=== Final Results ===
[32mResults are correct![0m
Naive:    925.20 ms (2295.27 GFLOPS)
Winograd: 545.07 ms (3895.98 GFLOPS)
Overall speedup: 1.70x
